app/build/outputs/logs/manifest-merger-debug-report.txt
-- Merging decision tree log ---
manifest
ADDED from src\main\AndroidManifest.xml:2:1-69:12
INJECTED from src\main\AndroidManifest.xml:2:1-69:12
INJECTED from src\main\AndroidManifest.xml:2:1-69:12
INJECTED from src\main\AndroidManifest.xml:2:1-69:12
MERGED from [com.android.support:design:27.1.1] AndroidManifest.xml:17:1-22:12
MERGED from [com.android.support:appcompat-v7:27.1.1] AndroidManifest.xml:17:1-22:12
MERGED from [com.android.support:support-v4:27.1.1] AndroidManifest.xml:17:1-22:12
MERGED from [com.android.support.constraint:constraint-layout:1.1.3] AndroidManifest.xml:2:1-11:12
MERGED from [com.github.satyan:sugar:1.5] AndroidManifest.xml:2:1-11:12
MERGED from [com.android.support:cardview-v7:27.1.1] AndroidManifest.xml:17:1-22:12
MERGED from [com.android.support:gridlayout-v7:27.1.1] AndroidManifest.xml:17:1-22:12
MERGED from [com.android.support:support-fragment:27.1.1] AndroidManifest.xml:17:1-22:12
MERGED from [com.android.support:animated-vector-drawable:27.1.1] AndroidManifest.xml:17:1-22:12
MERGED from [com.android.support:recyclerview-v7:27.1.1] AndroidManifest.xml:17:1-22:12
MERGED from [com.android.support:support-core-ui:27.1.1] AndroidManifest.xml:17:1-22:12
MERGED from [com.android.support:support-core-utils:27.1.1] AndroidManifest.xml:17:1-22:12
MERGED from [com.android.support:support-vector-drawable:27.1.1] AndroidManifest.xml:17:1-22:12
MERGED from [com.android.support:support-media-compat:27.1.1] AndroidManifest.xml:17:1-22:12
MERGED from [com.android.support:transition:27.1.1] AndroidManifest.xml:17:1-22:12
MERGED from [com.android.support:support-compat:27.1.1] AndroidManifest.xml:17:1-22:12
MERGED from [android.arch.lifecycle:livedata-core:1.1.0] AndroidManifest.xml:17:1-22:12
MERGED from [android.arch.lifecycle:viewmodel:1.1.0] AndroidManifest.xml:17:1-22:12
MERGED from [android.arch.lifecycle:runtime:1.1.0] AndroidManifest.xml:17:1-22:12
MERGED from [android.arch.core:runtime:1.1.0] AndroidManifest.xml:17:1-22:12
INJECTED from src\main\AndroidManifest.xml:2:1-69:12
INJECTED from src\main\AndroidManifest.xml:2:1-69:12
INJECTED from src\main\AndroidManifest.xml:2:1-69:12
	package
		ADDED from src\main\AndroidManifest.xml:4:5-41
		INJECTED from src\main\AndroidManifest.xml
		INJECTED from src\main\AndroidManifest.xml
	android:versionName
		INJECTED from src\main\AndroidManifest.xml
		ADDED from src\main\AndroidManifest.xml:2:1-69:12
		INJECTED from src\main\AndroidManifest.xml
	xmlns:tools
		ADDED from src\main\AndroidManifest.xml:3:5-51
	android:versionCode
		INJECTED from src\main\AndroidManifest.xml
		ADDED from src\main\AndroidManifest.xml:2:1-69:12
		INJECTED from src\main\AndroidManifest.xml
	xmlns:android
		ADDED from src\main\AndroidManifest.xml:2:11-69
uses-permission#android.permission.GET_ACCOUNTS
ADDED from src\main\AndroidManifest.xml:7:5-71
	android:name
		ADDED from src\main\AndroidManifest.xml:7:22-68
uses-permission#android.permission.READ_PROFILE
ADDED from src\main\AndroidManifest.xml:8:5-71
	android:name
		ADDED from src\main\AndroidManifest.xml:8:22-68
uses-permission#android.permission.READ_CONTACTS
ADDED from src\main\AndroidManifest.xml:9:5-72
	android:name
		ADDED from src\main\AndroidManifest.xml:9:22-69
uses-permission#android.permission.INTERNET
ADDED from src\main\AndroidManifest.xml:10:5-67
	android:name
		ADDED from src\main\AndroidManifest.xml:10:22-64
uses-permission#android.permission.READ_EXTERNAL_STORAGE
ADDED from src\main\AndroidManifest.xml:11:5-80
	android:name
		ADDED from src\main\AndroidManifest.xml:11:22-77
uses-permission#android.permission.WRITE_EXTERNAL_STORAGE
ADDED from src\main\AndroidManifest.xml:12:5-81
	android:name
		ADDED from src\main\AndroidManifest.xml:12:22-78
application
ADDED from src\main\AndroidManifest.xml:14:5-67:19
MERGED from [com.android.support.constraint:constraint-layout:1.1.3] AndroidManifest.xml:9:5-20
MERGED from [com.android.support.constraint:constraint-layout:1.1.3] AndroidManifest.xml:9:5-20
	android:supportsRtl
		ADDED from src\main\AndroidManifest.xml:20:9-35
	android:label
		ADDED from src\main\AndroidManifest.xml:18:9-41
	android:roundIcon
		ADDED from src\main\AndroidManifest.xml:19:9-50
	android:icon
		ADDED from src\main\AndroidManifest.xml:17:9-45
	android:allowBackup
		ADDED from src\main\AndroidManifest.xml:16:9-36
	android:theme
		ADDED from src\main\AndroidManifest.xml:21:9-40
	tools:replace
		ADDED from src\main\AndroidManifest.xml:22:9-37
	android:name
		ADDED from src\main\AndroidManifest.xml:15:9-40
meta-data#DATABASE
ADDED from src\main\AndroidManifest.xml:23:9-25:43
	android:value
		ADDED from src\main\AndroidManifest.xml:25:13-40
	android:name
		ADDED from src\main\AndroidManifest.xml:24:13-36
meta-data#VERSION
ADDED from src\main\AndroidManifest.xml:26:9-28:33
	android:value
		ADDED from src\main\AndroidManifest.xml:28:13-30
	android:name
		ADDED from src\main\AndroidManifest.xml:27:13-35
meta-data#QUERY_LOG
ADDED from src\main\AndroidManifest.xml:29:9-31:36
	android:value
		ADDED from src\main\AndroidManifest.xml:31:13-33
	android:name
		ADDED from src\main\AndroidManifest.xml:30:13-37
meta-data#DOMAIN_PACKAGE_NAME
ADDED from src\main\AndroidManifest.xml:32:9-34:58
	android:value
		ADDED from src\main\AndroidManifest.xml:34:13-55
	android:name
		ADDED from src\main\AndroidManifest.xml:33:13-47
activity#com.example.patri.refinado.Activity.MainActivity
ADDED from src\main\AndroidManifest.xml:36:9-38:59
	android:theme
		ADDED from src\main\AndroidManifest.xml:38:13-56
	android:name
		ADDED from src\main\AndroidManifest.xml:37:13-50
activity#com.example.patri.refinado.Activity.MinhaContaActivity
ADDED from src\main\AndroidManifest.xml:39:9-65
	android:name
		ADDED from src\main\AndroidManifest.xml:39:19-62
activity#com.example.patri.refinado.Activity.ConfirmacaoDadosActivity
ADDED from src\main\AndroidManifest.xml:40:9-71
	android:name
		ADDED from src\main\AndroidManifest.xml:40:19-68
activity#com.example.patri.refinado.Activity.FavoritoActivity
ADDED from src\main\AndroidManifest.xml:41:9-63
	android:name
		ADDED from src\main\AndroidManifest.xml:41:19-60
activity#com.example.patri.refinado.Activity.CarrinhoActivity
ADDED from src\main\AndroidManifest.xml:42:9-63
	android:name
		ADDED from src\main\AndroidManifest.xml:42:19-60
activity#com.example.patri.refinado.Activity.CategoriaActivity
ADDED from src\main\AndroidManifest.xml:43:9-64
	android:name
		ADDED from src\main\AndroidManifest.xml:43:19-61
activity#com.example.patri.refinado.Activity.PedidosActivity
ADDED from src\main\AndroidManifest.xml:44:9-62
	android:name
		ADDED from src\main\AndroidManifest.xml:44:19-59
activity#com.example.patri.refinado.Activity.FidelidadeActivity
ADDED from src\main\AndroidManifest.xml:45:9-65
	android:name
		ADDED from src\main\AndroidManifest.xml:45:19-62
activity#com.example.patri.refinado.Activity.SacActivity
ADDED from src\main\AndroidManifest.xml:46:9-58
	android:name
		ADDED from src\main\AndroidManifest.xml:46:19-55
activity#com.example.patri.refinado.Activity.SplashActivity
ADDED from src\main\AndroidManifest.xml:47:9-53:20
	android:name
		ADDED from src\main\AndroidManifest.xml:47:19-58
intent-filter#action:name:android.intent.action.MAIN+category:name:android.intent.category.LAUNCHER
ADDED from src\main\AndroidManifest.xml:48:13-52:29
action#android.intent.action.MAIN
ADDED from src\main\AndroidManifest.xml:49:17-69
	android:name
		ADDED from src\main\AndroidManifest.xml:49:25-66
category#android.intent.category.LAUNCHER
ADDED from src\main\AndroidManifest.xml:51:17-77
	android:name
		ADDED from src\main\AndroidManifest.xml:51:27-74
activity#com.example.patri.refinado.Activity.LoginActivity
ADDED from src\main\AndroidManifest.xml:54:9-60
	android:name
		ADDED from src\main\AndroidManifest.xml:54:19-57
activity#com.example.patri.refinado.Activity.GestaoActivity
ADDED from src\main\AndroidManifest.xml:55:9-61
	android:name
		ADDED from src\main\AndroidManifest.xml:55:19-58
activity#com.example.patri.refinado.Activity.CadastroActivity
ADDED from src\main\AndroidManifest.xml:56:9-63
	android:name
		ADDED from src\main\AndroidManifest.xml:56:19-60
activity#com.example.patri.refinado.Activity.ProdutoActivity
ADDED from src\main\AndroidManifest.xml:57:9-62
	android:name
		ADDED from src\main\AndroidManifest.xml:57:19-59
activity#com.example.patri.refinado.Activity.ProdutoDetalhadoActivity
ADDED from src\main\AndroidManifest.xml:58:9-71
	android:name
		ADDED from src\main\AndroidManifest.xml:58:19-68
activity#com.example.patri.refinado.Activity.ConfiguracoesActivity
ADDED from src\main\AndroidManifest.xml:59:9-68
	android:name
		ADDED from src\main\AndroidManifest.xml:59:19-65
activity#com.example.patri.refinado.Activity.FormaEntregaActivity
ADDED from src\main\AndroidManifest.xml:60:9-67
	android:name
		ADDED from src\main\AndroidManifest.xml:60:19-64
activity#com.example.patri.refinado.Activity.PedidoFinalizado
ADDED from src\main\AndroidManifest.xml:61:9-63
	android:name
		ADDED from src\main\AndroidManifest.xml:61:19-60
activity#com.example.patri.refinado.Activity.ListagemDinamicActivity
ADDED from src\main\AndroidManifest.xml:62:9-70
	android:name
		ADDED from src\main\AndroidManifest.xml:62:19-67
activity#com.example.patri.refinado.Activity.TutorialActivity
ADDED from src\main\AndroidManifest.xml:63:9-65:59
	android:theme
		ADDED from src\main\AndroidManifest.xml:65:13-56
	android:name
		ADDED from src\main\AndroidManifest.xml:64:13-54
activity#com.example.patri.refinado.Activity.BuscarActivity
ADDED from src\main\AndroidManifest.xml:66:9-70
	android:name
		ADDED from src\main\AndroidManifest.xml:66:19-58
uses-sdk
INJECTED from src\main\AndroidManifest.xml reason: use-sdk injection requested
INJECTED from src\main\AndroidManifest.xml
INJECTED from src\main\AndroidManifest.xml
MERGED from [com.android.support:design:27.1.1] AndroidManifest.xml:20:5-44
MERGED from [com.android.support:design:27.1.1] AndroidManifest.xml:20:5-44
MERGED from [com.android.support:appcompat-v7:27.1.1] AndroidManifest.xml:20:5-44
MERGED from [com.android.support:appcompat-v7:27.1.1] AndroidManifest.xml:20:5-44
MERGED from [com.android.support:support-v4:27.1.1] AndroidManifest.xml:20:5-44
MERGED from [com.android.support:support-v4:27.1.1] AndroidManifest.xml:20:5-44
MERGED from [com.android.support.constraint:constraint-layout:1.1.3] AndroidManifest.xml:5:5-7:41
MERGED from [com.android.support.constraint:constraint-layout:1.1.3] AndroidManifest.xml:5:5-7:41
MERGED from [com.github.satyan:sugar:1.5] AndroidManifest.xml:7:5-9:41
MERGED from [com.github.satyan:sugar:1.5] AndroidManifest.xml:7:5-9:41
MERGED from [com.android.support:cardview-v7:27.1.1] AndroidManifest.xml:20:5-44
MERGED from [com.android.support:cardview-v7:27.1.1] AndroidManifest.xml:20:5-44
MERGED from [com.android.support:gridlayout-v7:27.1.1] AndroidManifest.xml:20:5-44
MERGED from [com.android.support:gridlayout-v7:27.1.1] AndroidManifest.xml:20:5-44
MERGED from [com.android.support:support-fragment:27.1.1] AndroidManifest.xml:20:5-44
MERGED from [com.android.support:support-fragment:27.1.1] AndroidManifest.xml:20:5-44
MERGED from [com.android.support:animated-vector-drawable:27.1.1] AndroidManifest.xml:20:5-44
MERGED from [com.android.support:animated-vector-drawable:27.1.1] AndroidManifest.xml:20:5-44
MERGED from [com.android.support:recyclerview-v7:27.1.1] AndroidManifest.xml:20:5-44
MERGED from [com.android.support:recyclerview-v7:27.1.1] AndroidManifest.xml:20:5-44
MERGED from [com.android.support:support-core-ui:27.1.1] AndroidManifest.xml:20:5-44
MERGED from [com.android.support:support-core-ui:27.1.1] AndroidManifest.xml:20:5-44
MERGED from [com.android.support:support-core-utils:27.1.1] AndroidManifest.xml:20:5-44
MERGED from [com.android.support:support-core-utils:27.1.1] AndroidManifest.xml:20:5-44
MERGED from [com.android.support:support-vector-drawable:27.1.1] AndroidManifest.xml:20:5-44
MERGED from [com.android.support:support-vector-drawable:27.1.1] AndroidManifest.xml:20:5-44
MERGED from [com.android.support:support-media-compat:27.1.1] AndroidManifest.xml:20:5-44
MERGED from [com.android.support:support-media-compat:27.1.1] AndroidManifest.xml:20:5-44
MERGED from [com.android.support:transition:27.1.1] AndroidManifest.xml:20:5-44
MERGED from [com.android.support:transition:27.1.1] AndroidManifest.xml:20:5-44
MERGED from [com.android.support:support-compat:27.1.1] AndroidManifest.xml:20:5-44
MERGED from [com.android.support:support-compat:27.1.1] AndroidManifest.xml:20:5-44
MERGED from [android.arch.lifecycle:livedata-core:1.1.0] AndroidManifest.xml:20:5-44
MERGED from [android.arch.lifecycle:livedata-core:1.1.0] AndroidManifest.xml:20:5-44
MERGED from [android.arch.lifecycle:viewmodel:1.1.0] AndroidManifest.xml:20:5-44
MERGED from [android.arch.lifecycle:viewmodel:1.1.0] AndroidManifest.xml:20:5-44
MERGED from [android.arch.lifecycle:runtime:1.1.0] AndroidManifest.xml:20:5-44
MERGED from [android.arch.lifecycle:runtime:1.1.0] AndroidManifest.xml:20:5-44
MERGED from [android.arch.core:runtime:1.1.0] AndroidManifest.xml:20:5-44
MERGED from [android.arch.core:runtime:1.1.0] AndroidManifest.xml:20:5-44
INJECTED from src\main\AndroidManifest.xml
INJECTED from src\main\AndroidManifest.xml
	android:targetSdkVersion
		INJECTED from src\main\AndroidManifest.xml
		ADDED from src\main\AndroidManifest.xml
		INJECTED from src\main\AndroidManifest.xml
	android:minSdkVersion
		INJECTED from src\main\AndroidManifest.xml
		ADDED from src\main\AndroidManifest.xml
		INJECTED from src\main\AndroidManifest.xml